Performing C SOURCE FILE Test CMAKE_HAVE_LIBC_PTHREAD failed with the following output:
Change Dir: /home/mirmik/project/rgazebo/experiment3/CMakeFiles/CMakeTmp

Run Build Command(s):/usr/bin/make cmTC_1fa8e/fast && /usr/bin/make -f CMakeFiles/cmTC_1fa8e.dir/build.make CMakeFiles/cmTC_1fa8e.dir/build
make[1]: Entering directory '/home/mirmik/project/rgazebo/experiment3/CMakeFiles/CMakeTmp'
Building C object CMakeFiles/cmTC_1fa8e.dir/src.c.o
/usr/bin/cc   -DCMAKE_HAVE_LIBC_PTHREAD   -o CMakeFiles/cmTC_1fa8e.dir/src.c.o   -c /home/mirmik/project/rgazebo/experiment3/CMakeFiles/CMakeTmp/src.c
Linking C executable cmTC_1fa8e
/usr/bin/cmake -E cmake_link_script CMakeFiles/cmTC_1fa8e.dir/link.txt --verbose=1
/usr/bin/cc  -DCMAKE_HAVE_LIBC_PTHREAD    -rdynamic CMakeFiles/cmTC_1fa8e.dir/src.c.o  -o cmTC_1fa8e 
/usr/bin/ld: CMakeFiles/cmTC_1fa8e.dir/src.c.o: in function `main':
src.c:(.text+0x46): undefined reference to `pthread_create'
/usr/bin/ld: src.c:(.text+0x52): undefined reference to `pthread_detach'
/usr/bin/ld: src.c:(.text+0x63): undefined reference to `pthread_join'
collect2: error: ld returned 1 exit status
make[1]: *** [CMakeFiles/cmTC_1fa8e.dir/build.make:87: cmTC_1fa8e] Error 1
make[1]: Leaving directory '/home/mirmik/project/rgazebo/experiment3/CMakeFiles/CMakeTmp'
make: *** [Makefile:121: cmTC_1fa8e/fast] Error 2


Source file was:
#include <pthread.h>

void* test_func(void* data)
{
  return data;
}

int main(void)
{
  pthread_t thread;
  pthread_create(&thread, NULL, test_func, NULL);
  pthread_detach(thread);
  pthread_join(thread, NULL);
  pthread_atfork(NULL, NULL, NULL);
  pthread_exit(NULL);

  return 0;
}

Determining if the function pthread_create exists in the pthreads failed with the following output:
Change Dir: /home/mirmik/project/rgazebo/experiment3/CMakeFiles/CMakeTmp

Run Build Command(s):/usr/bin/make cmTC_8bd50/fast && /usr/bin/make -f CMakeFiles/cmTC_8bd50.dir/build.make CMakeFiles/cmTC_8bd50.dir/build
make[1]: Entering directory '/home/mirmik/project/rgazebo/experiment3/CMakeFiles/CMakeTmp'
Building C object CMakeFiles/cmTC_8bd50.dir/CheckFunctionExists.c.o
/usr/bin/cc   -DCHECK_FUNCTION_EXISTS=pthread_create   -o CMakeFiles/cmTC_8bd50.dir/CheckFunctionExists.c.o   -c /usr/share/cmake-3.16/Modules/CheckFunctionExists.c
Linking C executable cmTC_8bd50
/usr/bin/cmake -E cmake_link_script CMakeFiles/cmTC_8bd50.dir/link.txt --verbose=1
/usr/bin/cc  -DCHECK_FUNCTION_EXISTS=pthread_create    -rdynamic CMakeFiles/cmTC_8bd50.dir/CheckFunctionExists.c.o  -o cmTC_8bd50  -lpthreads 
/usr/bin/ld: cannot find -lpthreads
collect2: error: ld returned 1 exit status
make[1]: *** [CMakeFiles/cmTC_8bd50.dir/build.make:87: cmTC_8bd50] Error 1
make[1]: Leaving directory '/home/mirmik/project/rgazebo/experiment3/CMakeFiles/CMakeTmp'
make: *** [Makefile:121: cmTC_8bd50/fast] Error 2



Performing C SOURCE FILE Test CMAKE_HAVE_LIBC_PTHREAD failed with the following output:
Change Dir: /home/mirmik/project/gazebo-expirements/bimanipulator/experiment3/CMakeFiles/CMakeTmp

Run Build Command(s):/usr/bin/make cmTC_0942e/fast && /usr/bin/make -f CMakeFiles/cmTC_0942e.dir/build.make CMakeFiles/cmTC_0942e.dir/build
make[1]: Entering directory '/home/mirmik/project/gazebo-expirements/bimanipulator/experiment3/CMakeFiles/CMakeTmp'
Building C object CMakeFiles/cmTC_0942e.dir/src.c.o
/usr/bin/cc   -DCMAKE_HAVE_LIBC_PTHREAD   -o CMakeFiles/cmTC_0942e.dir/src.c.o   -c /home/mirmik/project/gazebo-expirements/bimanipulator/experiment3/CMakeFiles/CMakeTmp/src.c
Linking C executable cmTC_0942e
/usr/local/bin/cmake -E cmake_link_script CMakeFiles/cmTC_0942e.dir/link.txt --verbose=1
/usr/bin/cc  -DCMAKE_HAVE_LIBC_PTHREAD    -rdynamic CMakeFiles/cmTC_0942e.dir/src.c.o  -o cmTC_0942e 
/usr/bin/ld: CMakeFiles/cmTC_0942e.dir/src.c.o: in function `main':
src.c:(.text+0x46): undefined reference to `pthread_create'
/usr/bin/ld: src.c:(.text+0x52): undefined reference to `pthread_detach'
/usr/bin/ld: src.c:(.text+0x5e): undefined reference to `pthread_cancel'
/usr/bin/ld: src.c:(.text+0x6f): undefined reference to `pthread_join'
collect2: error: ld returned 1 exit status
make[1]: *** [CMakeFiles/cmTC_0942e.dir/build.make:87: cmTC_0942e] Error 1
make[1]: Leaving directory '/home/mirmik/project/gazebo-expirements/bimanipulator/experiment3/CMakeFiles/CMakeTmp'
make: *** [Makefile:121: cmTC_0942e/fast] Error 2


Source file was:
#include <pthread.h>

void* test_func(void* data)
{
  return data;
}

int main(void)
{
  pthread_t thread;
  pthread_create(&thread, NULL, test_func, NULL);
  pthread_detach(thread);
  pthread_cancel(thread);
  pthread_join(thread, NULL);
  pthread_atfork(NULL, NULL, NULL);
  pthread_exit(NULL);

  return 0;
}

Determining if the function pthread_create exists in the pthreads failed with the following output:
Change Dir: /home/mirmik/project/gazebo-expirements/bimanipulator/experiment3/CMakeFiles/CMakeTmp

Run Build Command(s):/usr/bin/make cmTC_6619d/fast && /usr/bin/make -f CMakeFiles/cmTC_6619d.dir/build.make CMakeFiles/cmTC_6619d.dir/build
make[1]: Entering directory '/home/mirmik/project/gazebo-expirements/bimanipulator/experiment3/CMakeFiles/CMakeTmp'
Building C object CMakeFiles/cmTC_6619d.dir/CheckFunctionExists.c.o
/usr/bin/cc   -DCHECK_FUNCTION_EXISTS=pthread_create   -o CMakeFiles/cmTC_6619d.dir/CheckFunctionExists.c.o   -c /usr/local/share/cmake-3.16/Modules/CheckFunctionExists.c
Linking C executable cmTC_6619d
/usr/local/bin/cmake -E cmake_link_script CMakeFiles/cmTC_6619d.dir/link.txt --verbose=1
/usr/bin/cc  -DCHECK_FUNCTION_EXISTS=pthread_create    -rdynamic CMakeFiles/cmTC_6619d.dir/CheckFunctionExists.c.o  -o cmTC_6619d  -lpthreads 
/usr/bin/ld: cannot find -lpthreads
collect2: error: ld returned 1 exit status
make[1]: *** [CMakeFiles/cmTC_6619d.dir/build.make:87: cmTC_6619d] Error 1
make[1]: Leaving directory '/home/mirmik/project/gazebo-expirements/bimanipulator/experiment3/CMakeFiles/CMakeTmp'
make: *** [Makefile:121: cmTC_6619d/fast] Error 2



